<?xml version="1.0" encoding="UTF-8"?>
<!-- Generated by org.testng.reporters.JUnitReportReporter -->
<testsuite hostname="LAPTOP-UKNL6QE2" name="PageObject.LessonFive.DataProvide" tests="2" failures="0" timestamp="3 Jun 2018 06:41:26 GMT" time="0.011" errors="0">
  <testcase name="TestDemo1" time="0.001" classname="PageObject.LessonFive.DataProvide"/>
  <testcase name="TestDemo1" time="0.010" classname="PageObject.LessonFive.DataProvide"/>
</testsuite> <!-- PageObject.LessonFive.DataProvide -->
